<?xml version="1.0" encoding="UTF-8"?>
<beans xmlns="http://www.springframework.org/schema/beans"
       xmlns:xsi="http://www.w3.org/2001/XMLSchema-instance"
       xmlns:context="http://www.springframework.org/schema/context"
       xsi:schemaLocation="http://www.springframework.org/schema/beans http://www.springframework.org/schema/beans/spring-beans.xsd http://www.springframework.org/schema/context https://www.springframework.org/schema/context/spring-context.xsd">

    <beans profile="test">
        <bean id="ehCacheManager" class="org.springframework.cache.support.NoOpCacheManager"/>
        <context:property-placeholder location="classpath:spring/db-test.properties" ignore-unresolvable="true" order="2"/>
    </beans>

</beans>